<?xml version="1.0" encoding="UTF-8"?>
<testsuite name="Pipe" failures="0" tests="19" time="0.086" errors="0">
  <properties/>
  <testcase name="dependentEffect1" time="0.0010" classname="org.jreact.core.impl.PipeDependentEffectsTest"/>
  <testcase name="dependentEffect2" time="0.0030" classname="org.jreact.core.impl.PipeDependentEffectsTest"/>
  <testcase name="dependentValueSink1" time="0.0030" classname="org.jreact.core.impl.PipeDependentSinksTest"/>
  <testcase name="dependentValueSink2" time="0.0010" classname="org.jreact.core.impl.PipeDependentSinksTest"/>
  <testcase name="disposePut" time="0.0020" classname="org.jreact.core.impl.PipeLimitStreamTest"/>
  <testcase name="putDisposePut" time="0.0050" classname="org.jreact.core.impl.PipeLimitStreamTest"/>
  <testcase name="limit0TestDependents" time="0.0010" classname="org.jreact.core.impl.PipeLimitTimesTest"/>
  <testcase name="limit0TestLooping" time="0.0020" classname="org.jreact.core.impl.PipeLimitTimesTest"/>
  <testcase name="limit1TestDependents" time="0.0010" classname="org.jreact.core.impl.PipeLimitTimesTest"/>
  <testcase name="limit1TestLooping" time="0.0020" classname="org.jreact.core.impl.PipeLimitTimesTest"/>
  <testcase name="limit2TestLooping" time="0.0020" classname="org.jreact.core.impl.PipeLimitTimesTest"/>
  <testcase name="loopThenPutA" time="0.0010" classname="org.jreact.core.impl.PipePutTest"/>
  <testcase name="loopThenPutAAA" time="0.0010" classname="org.jreact.core.impl.PipePutTest"/>
  <testcase name="loopThenPutABAA" time="0.0030" classname="org.jreact.core.impl.PipePutTest"/>
  <testcase name="put" time="0.0" classname="org.jreact.core.impl.PipePutTest"/>
  <testcase name="putThenLoop" time="0.0070" classname="org.jreact.core.impl.PipePutTest"/>
  <testcase name="doesGetDisposed" time="0.0010" classname="org.jreact.core.impl.RelayingPipeLimitedTimesTest"/>
  <testcase name="initiallyNotDisposed" time="0.0010" classname="org.jreact.core.impl.RelayingPipeLimitedTimesTest"/>
  <testcase name="stillNotDisposed" time="0.0010" classname="org.jreact.core.impl.RelayingPipeLimitedTimesTest"/>
</testsuite>
