<?xml version="1.0" encoding="UTF-8" ?>
<testsuite failures="0" time="1.894" errors="0" skipped="0" tests="64" name="TestSuite">
  <properties>
[...]
</properties>
  <testcase time="0.029" classname="org.jreact.core.impl.ConstantEqualsObjectTest" name="equalsA"/>
  <testcase time="0" classname="org.jreact.core.impl.ConstantEqualsObjectTest" name="equalsConstantA"/>
  <testcase time="0.237" classname="org.jreact.core.impl.ConstantEqualsObjectTest" name="equalsMockValueA"/>
  <testcase time="0.002" classname="org.jreact.core.impl.ConstantEqualsObjectTest" name="equalsMockValueB"/>
  <testcase time="0" classname="org.jreact.core.impl.ConstantEqualsObjectTest" name="equalsNull"/>
  <testcase time="0" classname="org.jreact.core.impl.ConstantEqualsObjectTest" name="equalsSelf"/>
  <testcase time="0" classname="org.jreact.core.impl.ConstantEqualsValueTest" name="equalsConstantA"/>
  <testcase time="0.001" classname="org.jreact.core.impl.ConstantEqualsValueTest" name="equalsMockValueA"/>
  <testcase time="0.002" classname="org.jreact.core.impl.ConstantEqualsValueTest" name="equalsMockValueB"/>
  <testcase time="0" classname="org.jreact.core.impl.ConstantEqualsValueTest" name="equalsNull"/>
  <testcase time="0" classname="org.jreact.core.impl.ConstantEqualsValueTest" name="equalsSelf"/>
  <testcase time="0.002" classname="org.jreact.core.impl.ConstantGetTest" name="get"/>
  <testcase time="0.002" classname="org.jreact.core.impl.ConstantHashCodeTest" name="character"/>
  <testcase time="0" classname="org.jreact.core.impl.ConstantHashCodeTest" name="object"/>
  <testcase time="0.015" classname="org.jreact.core.impl.ConstantMapTest" name="beLazy"/>
  <testcase time="0.002" classname="org.jreact.core.impl.ConstantMapTest" name="callExactlyOnce"/>
  <testcase time="0" classname="org.jreact.core.impl.ConstantMapTest" name="callOnce"/>
  <testcase time="0.001" classname="org.jreact.core.impl.ConstantMapTest" name="get"/>
  <testcase time="0" classname="org.jreact.core.impl.VariableGetAndPutTest" name="get"/>
  <testcase time="0.001" classname="org.jreact.core.impl.VariableGetAndPutTest" name="setDifferentValue"/>
  <testcase time="0" classname="org.jreact.core.impl.VariableGetAndPutTest" name="setMultiple"/>
  <testcase time="0" classname="org.jreact.core.impl.VariableGetAndPutTest" name="setSameValue"/>
  <testcase time="0" classname="org.jreact.core.impl.VariableGetAndPutTest" name="setThenGet"/>
  <testcase time="0" classname="org.jreact.core.impl.VariableChangesTest" name="loop"/>
  <testcase time="0.001" classname="org.jreact.core.impl.VariableChangesTest" name="loopThenSet"/>
  <testcase time="0" classname="org.jreact.core.impl.VariableChangesTest" name="loopThenSetSame"/>
  <testcase time="0" classname="org.jreact.core.impl.VariableChangesTest" name="setThenLoop1"/>
  <testcase time="0.002" classname="org.jreact.core.impl.VariableChangesTest" name="setThenLoop2"/>
  <testcase time="0.001" classname="org.jreact.core.impl.VariableLoopTest" name="loop"/>
  <testcase time="0.009" classname="org.jreact.core.impl.VariableLoopTest" name="loopThenSet"/>
  <testcase time="0" classname="org.jreact.core.impl.VariableLoopTest" name="loopThenSetSame"/>
  <testcase time="0.001" classname="org.jreact.core.impl.VariableLoopTest" name="setThenLoop"/>
  <testcase time="0.002" classname="org.jreact.core.impl.VariableLimitTest" name="disposeLoop"/>
  <testcase time="0.002" classname="org.jreact.core.impl.VariableLimitTest" name="disposeLoopPut"/>
  <testcase time="0.003" classname="org.jreact.core.impl.VariableLimitTest" name="disposePutLoopPut"/>
  <testcase time="0.003" classname="org.jreact.core.impl.VariableLimitTest" name="loopDisposePut"/>
  <testcase time="0.003" classname="org.jreact.core.impl.VariableMapTest" name="putAbc"/>
  <testcase time="0.003" classname="org.jreact.core.impl.VariableMapTest" name="putDef"/>
  <testcase time="0.005" classname="org.jreact.core.impl.VariableMapTest" name="putDefXyzzy"/>
  <testcase time="0.001" classname="org.jreact.core.impl.VariableMapTest" name="putNothing"/>
  <testcase time="0.001" classname="org.jreact.core.impl.PipePutTest" name="loopThenPutA"/>
  <testcase time="0.001" classname="org.jreact.core.impl.PipePutTest" name="loopThenPutAAA"/>
  <testcase time="0.003" classname="org.jreact.core.impl.PipePutTest" name="loopThenPutABAA"/>
  <testcase time="0" classname="org.jreact.core.impl.PipePutTest" name="put"/>
  <testcase time="0.001" classname="org.jreact.core.impl.PipePutTest" name="putThenLoop"/>
  <testcase time="0.001" classname="org.jreact.core.impl.PipeDependentEffectsTest" name="dependentEffect1"/>
  <testcase time="0.001" classname="org.jreact.core.impl.PipeDependentEffectsTest" name="dependentEffect2"/>
  <testcase time="0.002" classname="org.jreact.core.impl.PipeDependentSinksTest" name="dependentValueSink1"/>
  <testcase time="0.001" classname="org.jreact.core.impl.PipeDependentSinksTest" name="dependentValueSink2"/>
  <testcase time="0.002" classname="org.jreact.core.impl.PipeLimitStreamTest" name="disposePut"/>
  <testcase time="0.001" classname="org.jreact.core.impl.PipeLimitStreamTest" name="putDisposePut"/>
  <testcase time="0.001" classname="org.jreact.core.impl.PipeLimitTimesTest" name="limit0TestDependents"/>
  <testcase time="0.001" classname="org.jreact.core.impl.PipeLimitTimesTest" name="limit0TestLooping"/>
  <testcase time="0" classname="org.jreact.core.impl.PipeLimitTimesTest" name="limit1TestDependents"/>
  <testcase time="0.002" classname="org.jreact.core.impl.PipeLimitTimesTest" name="limit1TestLooping"/>
  <testcase time="0" classname="org.jreact.core.impl.PipeLimitTimesTest" name="limit1TestThreeDependents"/>
  <testcase time="0.003" classname="org.jreact.core.impl.PipeLimitTimesTest" name="limit2TestLooping"/>
  <testcase time="0.001" classname="org.jreact.core.impl.RelayingPipeLimitedTimesTest" name="doesGetDisposed"/>
  <testcase time="0" classname="org.jreact.core.impl.RelayingPipeLimitedTimesTest" name="initiallyNotDisposed"/>
  <testcase time="0.001" classname="org.jreact.core.impl.RelayingPipeLimitedTimesTest" name="stillNotDisposed"/>
  <testcase time="0.003" classname="org.jreact.core.impl.PipeMapTest" name="putAbc"/>
  <testcase time="0.003" classname="org.jreact.core.impl.PipeMapTest" name="putAbcAbc"/>
  <testcase time="0.003" classname="org.jreact.core.impl.PipeMapTest" name="putAbcDef"/>
  <testcase time="0.003" classname="org.jreact.core.impl.PipeMapTest" name="putDefXyzzy"/>
</testsuite>