-------------------------------------------------------------------------------
Test set: TestSuite
-------------------------------------------------------------------------------
Tests run: 77, Failures: 3, Errors: 0, Skipped: 0, Time elapsed: 3.26 sec <<< FAILURE!
limitLimit2Dispose1Loop(org.jreact.core.impl.ConstantLimitTest)  Time elapsed: 0.034 sec  <<< FAILURE!
org.mockito.exceptions.verification.NeverWantedButInvoked: 
effect.e('a');
Never wanted here:
-> at org.jreact.core.impl.ConstantLimitTest.limitLimit2Dispose1Loop(ConstantLimitTest.java:134)
But invoked here:
-> at org.jreact.core.impl.ConstantImpl.loop(ConstantImpl.java:25)
	at org.jreact.core.impl.ConstantLimitTest.limitLimit2Dispose1Loop(ConstantLimitTest.java:134)

limitLimit2Dispose1Loop(org.jreact.core.impl.VariableLimitTest)  Time elapsed: 0.002 sec  <<< FAILURE!
org.mockito.exceptions.verification.NeverWantedButInvoked: 
effect.e('a');
Never wanted here:
-> at org.jreact.core.impl.VariableLimitTest.limitLimit2Dispose1Loop(VariableLimitTest.java:191)
But invoked here:
-> at org.jreact.core.impl.SignalImpl.loop(SignalImpl.java:20)
	at org.jreact.core.impl.VariableLimitTest.limitLimit2Dispose1Loop(VariableLimitTest.java:191)

limitLimitDisposeLoop(org.jreact.core.impl.VariableLimitTest)  Time elapsed: 0.001 sec  <<< FAILURE!
java.lang.NullPointerException
	at org.jreact.core.impl.StreamImpl.removeValueSink(StreamImpl.java:87)
	at org.jreact.core.impl.RelayingPipe.dispose(RelayingPipe.java:20)
	at org.jreact.core.impl.StreamImpl$1.e(StreamImpl.java:137)
	at org.jreact.core.impl.StreamImpl.propagateToEffects(StreamImpl.java:69)
	at org.jreact.core.impl.StreamImpl.propagate(StreamImpl.java:58)
	at org.jreact.core.impl.PipeImpl.put(PipeImpl.java:22)
	at org.jreact.core.impl.RelayingPipeLimitedTimes.put(RelayingPipeLimitedTimes.java:36)
	at org.jreact.core.impl.StreamImpl.propagateToPipes(StreamImpl.java:79)
	at org.jreact.core.impl.StreamImpl.propagate(StreamImpl.java:45)
	at org.jreact.core.impl.PipeImpl.put(PipeImpl.java:14)
	at org.jreact.core.impl.VariableLimitTest.limitLimitDisposeLoop(VariableLimitTest.java:153)

